Problem 2  
771  pwd
  

Problem 3
772  id -u shivansh23sp
  773  groups


Problem 4  
774  cd temp
  775  ls temp
  776  le -l temp
  777  ls -l temp
  778  rm temp3

Problem 5
  779  mv temp2 temp3
  780  mkdir temp2
  781  mv temp2 temp3
 

Problem 6
 782  head /proc/meminfo
  783  head /proc/cpuinfo
 

Problem 7 and 8
 784  head /proc/meminfo.
  785  head /proc/meminfo
  786  lscpu
  787  cd cs131/a1
  


Problem 9
788  ls
  789  df
  790  ls -l
  791  wc -l downloaded_hashtags_extend.csv


Problem 10	
  792  grep -i great downloaded_hashtags_extend.csv | wc -l
 

Problem 11
 793  file -bi downloaded_hashtags_extend.csv
 
Problem 12
 794  iconv -f UTF-8 -t ASCII -o newset.csv
  795  ls
 

Problem 13
 796  tail -n+2 downloaded_hashtags_extend.csv | sort -u -t, -k1n,1 | wc -l
  797  tail -n+2 downloaded_hashtags_extend.csv | sort -u -t, -k4n,4 | wc -l
  798  tail -n+2 downloaded_hashtags_extend.csv | sort -u -t, -k2,2  | wc -l
  799  history > cmds.log
  800  ls
  818  cd a1
  819  history > cmds.log
