    1  wget www.github.com
    2  cd ~/Desktop
    3  cd ~/Users/prashanthedaoo/Desktop
    4  ls
    5  wget www.github.com
    6  cd
    7  ls
    8  /ls
    9  cd Desktop
   10  cd ~/Desktop
   11  ~/
   12  cd -
   13  cd-
   14  cd~
   15  cd ~
   16  ls
   17  cd ~
   18  ls
   19  git init
   20  touch test.txt
   21  git status
   22  ls
   23  git commit -m "This is my first commit!"
   24  git status
   25  git add test.txt
   26  git status
   27  git commit -m "This is my first commit!"
   28  git config --global user.email "shivansh.hedaoo@sjsu.edu"
   29  git commit -m "This is my first commit!"
   30  Omit --global
   31  git branch
   32  git status
   33  git checkout -b <my branch name>
   34  git checkout -b >new-branch>
   35  git commit
   36   git config --global user.email "shivhedaoo7@gmail.com"
   37   git config --global user.name "Shivansh"
   38  git commit
   39  ping 172.31.197.164
   40  git remote add origin git@github.com:shedaoo878/cs131.git
   41  git branch -M main
   42  git push -u origin main
   43  ls
   44  echo "# cs131" >> README.md
   45  git init
   46  git commit -m "first commit"
   47  git branch -M main
   48  git remote add origin git@github.com:shedaoo878/cs131.git
   49  git push -u origin main
   50   rm -fr .git
   51  git status
   52  defaults write com.apple.finder AppleShowAllFiles 1 && killall Finder
   53  rm -fr .git
   54  git status
   55  ls
   56  ;
   57  ls
   58  git init
   59  git commit -m "first commit"
   60  git remote add origin git@github.com:shedaoo878/cs131.git
   61  git branch -M main
   62  git push -u origin main
   63  git branch -M main
   64  git remote add origin git@github.com:shedaoo878/cs131.git
   65  git push -u origin main
   66  git branch -M main
   67  git remote add origin git@github.com:shedaoo878/cs131.git
   68  git push -u origin main
   69  git branch -M main
   70  git remote add origin https://github.com/shedaoo878/cs131.git
   71  git push -u origin main
   72  ls
   73  wget www.github.com
   74  ls
   75  history > cmds.log
   76  ls
   77  git add cmds.log
   78  git commit
   79  git commit - new commit""
   80  git commit -m "git commit"
   81  git status
   82  ls
   83  pwd
   84  /home
   85  cat index.html
   86  wq:wqwq
   87  q:
   88  man ls
   89  ls
   90  ls -latr
   91  ls -a
   92  ls -l
   93  ls -lat
   94  wget https://s3.amazonaws.com/amazon-reviews-pds/tsv/amazon_reviews_us_Books_v1_02.tsv.gz
   95  ls
   96  gunzip amazon_reviews_us_Books_v1_02.tsv.gz
   97  ls
   98  grep verified amazon_reviews_us_Books_v1_02.tsv
   99  grep  verified true amazon_reviews_us_Books_v1_02.tsv
  100  head amazon_reviews_us_Books_v1_02.tsv
  101  -H --q verified_purchase:Y amazon_reviews_us_Books_v1_02.tsv
  102  ls
  103  cut -c11 amazon_reviews_us_Books_v1_02.tsv | grep Y
  104  cut -c11 cut -c11 amazon_reviews_us_Books_v1_02.tsv | grep Y
  105  cut -c11 amazon_reviews_us_Books_v1_02.tsv
  106  cut -c12 amazon_reviews_us_Books_v1_02.tsv
  107  cut c-12 amazon_reviews_us_Books_v1_02.tsv
  108  cut -c12 amazon_reviews_us_Books_v1_02.tsv
  109  cut -c11 amazon_reviews_us_Books_v1_02.tsv
  110  cut -c3 amazon_reviews_us_Books_v1_02.tsv
  111  cut -c12 | grep Y
  112  cut -c12 amazon_reviews_us_Books_v1_02.tsv | grep Y
  113  ls
  114  ls -a
  115  rm -rf .git
  116  ls -a
  117  mkdir cs131
  118  ls
  119  cd cs131
  120  mkdir ws1
  121  mkdir ws2
  122  mkdir ws3
  123  ls
  124  git init 
  125  git status
  126  ../index.html ws1
  127  mv ../index.html ws1
  128  ls ws1
  129  git add .
  130  git commit -m "first commit"
  131  git remote add origin https://github.com/shedaoo878/cs131.git
  132  git push -u origin master
  133  ls
  134  cd cs131
  135  ls -a
  136  ws1
  137  .
  138  ../
  139  cd-
  140  -cd
  141  /cd
  142  /
  143  ls
  144  cd..
  145  cd -
  146  ls
  147  grep unverified amazon_reviews_us_Books_v1_02.tsv
  148  qw
  149  gdlut
  150  '
  151  exirt
  152  ls
  153  ls -a
  154  head amazon_reviews_us_Books_v1_02.tsv
  155  sort -k2 -n amazon_reviews_us_Books_v1_02.tsv
  156  sort | uniq -k2 -c sort | uniq
  157  sort | uniq -k2 -c amazon_reviews_us_Books_v1_02.tsv
  158  sot -k2 -n amazon_reviews_us_Books_v1_02.tsv | uniq -c
  159  sort -k2 -n amazon_reviews_us_Books_v1_02.tsv | uniq -c
  160  sort -k2 -n amazon_reviews_us_Books_v1_02.tsv | uniq -c | sort -k1 -n | uniq
  161  sort -k2 -n amazon_reviews_us_Books_v1_02.tsv | uniq -c | sort -k1 -n | uniq -c
  162  head amazon_reviews_us_Books_v1_02.tsv
  163  cut -f1 amazon_reviews_us_Books_v1_02.tsv > numbers.txt
  164  cut -f2 amazon_reviews_us_Books_v1_02.tsv > numbers.txt
  165  ls
  166  sort numbers.txt | uniq -c
  167  sort numbers.txt | uniq -c > numbers2.txt
  168  sort -k1 -r numbers2.txt
  169  sort -k1 -r numbers2.txt | head -3
  170  sort -k1 -r numbers2.txt | head -3 > ws3.txt
  171  ls
  172  history > cmds.log
  173  head cmds.log
  174  cat cmds.log
  175  cast ws3.txt
  176  cat ws3.txt
  177  head -3 votes.txt
  178  rm ws3.txt
  179  ls
  180  cd cs131
  181  ls
  182  cd ws3
  183  ls
  184  cd-
  185  ls -
  186  cd -
  187  ls
  188  l
  189  sls
  190  ls
  191  ls
  192  head -3 numbers2.txt
  193  head -3 ws3.txt
  194  head amazon_reviews_us_Books_v1_02.tsv 
  195  sort -k10 -n -r amazon_reviews_us_Books_v1_02.tsv | head -3
  196  cat cmds.log
  197  cut -f10 amazon_reviews_us_Books_v1_02.tsv  | uniq -c
  198  cut -f4 amazon_reviews_us_Books_v1_02.tsv > votes.txt
  199  cut -f10 amazon_reviews_us_Books_v1_02.tsv  > votes.txt
  200  cat votes.txt
  201  rm votes.txt
  202  ls
  203  cut -f4 -f10 amazon_reviews_us_Books_v1_02.tsv > votes.txt
  204  cut --help
  205  cut -f4,10 amazon_reviews_us_Books_v1_02.tsv > votes.txt
  206  head votes.txt
  207  sort -k2 -r votes.txt
  208  head -4 votes.txt > ws3
  209  ls
  210  rm ws3
  211  head -4 votes.txt > ws3.txt
  212  cat ws3.txt
  213  ls
  214  sort -k2 votes.txt | head -4 
  215  sort -k2 -r votes.txt | head -4
  216  sort -k2 -r votes.txt | head -4 > ws3.txt
  217  cat ws3.txt
  218  ls
  219  head -3 numbers2.txt
  220  sort -k1 -r numbers2.text | head -3
  221   sort -k1 -r numbers2.txt | head -3
  222  sort -k1 -r numbers2.txt | head -3 > ws3.txt
  223  cat ws3.txt
  224  sort -k2 -r votes.txt | head -4 >> ws3.txt
  225  cast ws3.txt
  226  cat ws3.txt
  227  head amazon_reviews_us_Books_v1_02.tsv
  228  history >cmds.log
  229  vi ws3.txt
  230  cat ws3.txt
  231  mv ws3.txt ~/cs131/ws3
  232  ls
  233  cd cs131
  234  ls
  235  cd ws3
  236  ls
  237  history > cmds.log
  238  vi cmds.log
  254  git add ws3.txt
  255  git add cmds.log
  256  git commit -m "ws3"
  257  git push -u origin master
  258  script ws4.txt
  289  source .bashrc 
  290  l
  291  w
  294  mkdir ws4
  295  ls
  296  cd ws4
  297  mkdir customers
  298  mkdirproducts
  299  mkdir products
  316  cut -f2 amazon_reviews_us_Books_v1_02.tsv > cust.txt
  317  sort -r cust.txt | head -5
  318  uniq -c cust.txt
  319  sort -k1 -r cust.txt | head -5
  320  head -5 cust.txt
  321  uniq -c cust.txt > ust.txt
  322  sort -k1 -r ust.txt | head -5
  323  head -10 ust.txt
  324  sort -k1 -r ust.txt
  326  head amazon_reviews_us_Books_v1_02.tsv
  327  cut f2,9 amazon_reviews_us_Books_v1_02.tsv > custs.txt
  328  cut -f2,9 amazon_reviews_us_Books_v1_02.tsv > custs.txt
  329  cat cmds.log
  330  grep 53041254 custs.txt
  331  head -10 usts.txt
  332  head -10 ust.txt
  333  grep 53041254 custs.txt > custs.txt
  334  grep 53041254 custs.txt > newcust.txt
  335  cut -f2 newcust.txt 
  336  head -10 newcust.txt
  337  grep 53041254 custs.txt
  338  head custs.txt
  339  head newcust.txt
  340  cat newcust.txt
  341  rm newcust.txt
  342  rm custs.txt
  343  cut -f2,9 amazon_reviews_us_Books_v1_02.tsv > custs.txt
  344  grep 53041254 custs.txt
  345  grep 53041254 custs.txt > newcust.txt
  346  head newcust.txt
  347  cut -f2 newcust.txt > 53041254.txt
  348  head 53041254.txt
  349  mv 53041254.txt Customers
  357  ls
  360  mv 53041254.txt customers
  361  ls Customers
  362  ls
  363  mv Customers 53041254.txt
  364  mv 53041254.txt cs131/ws4/customers
  365  ls cs131
  366  ls ws4
  367  cd cs131
  368  ls
  369  cd ws4
  370  ls
  371  cd customers
  372  ls
  373  head 53041254.txt
  374  cd ~
  375  ls
  376  rm cust.txt
  377  rm ust.txt
  378  rm custs.txt
  379  rm newcust.txt
  380  ls
  381  rm test.txt
  382  rm votes.txt
  383  cat ws4.txt
  384  cut -f4 amazon_reviews_us_Books_v1_02.tsv > prods.txt | sort -r | uniq -c| head -10
  385  head prods.txt
  386  sort -r prods.txt
  387  uniq -c prods.txt | head -10
  388  uniq -c prods.txt
  389  head prods.txt
  390  uniq -c prods.txt | sort -k1 -r > sprods.txt
  391  head sprods.txt
  392  head -20 sprods.txt
  393  ls
  394  head amazon_reviews_us_Books_v1_02.tsv
  395  cut -f4,9 amazon_reviews_us_Books_v1_02.tsv > pr.txt
  396  head pr.txt
  397  grep 0439139597 pr.txt
  398  grep 0439139597 pr.txt > pr2.txt
  399  cut -f2 pr2.txt > 0439139597.txt
  400  head 0439139597.txt
  401  mv 0439139597.txt cs131/ws4/products
  402  ls
  403  cd cs131/ws4
  404  ls
  405  cd products
  406  ls
  407  awk '{ total += $2 } END { print total/NR }' 0439139597.txt
  408  cd -
  409  ls
  410  cd cutsomers
  411  cd custoemrs
  412  cd customers
  413  ls
  414  awk '{ total += $2 } END { print total/NR }' 53041254.txt
  415  awk '{ total += $1 } END { print total/NR }' 53041254.txt
  416  vi 53041254.txt
  417  cd -
  418  ls
  419  cd products
  420  ls
  421  awk '{ total += $1 } END { print total/NR }'0439139597.txt
  422  ls
  423   awk '{ total += $1 } END { print total/NR }' 0439139597.txt
  424  vi 0439139597.txt
  425  history > cmds.log
  426  vi cdms.log
  427  vi cmds.log
  428  git add cmds.log
  429  git add ws4.txt
  430  ls
  431  cat cmds.log
  432  cd ~
  433  ls
  434  cat cmds.log
  435  history > cmds.log
